The system is: Linux - 3.8.6-203.fc18.x86_64 - x86_64
Compiling the C compiler identification source file "CMakeCCompilerId.c" succeeded.
Compiler: /usr/lib64/ccache/cc 
Build flags: 
Id flags: 

The output was:
0


Compilation of the C compiler identification source "CMakeCCompilerId.c" produced "a.out"

The C compiler identification is GNU, found in "/home/maidis/Gelistirme/c++/kde-gelistirme-kitabi/icerik/05/00/build/CMakeFiles/2.8.10.2/CompilerIdC/a.out"

Compiling the CXX compiler identification source file "CMakeCXXCompilerId.cpp" succeeded.
Compiler: /usr/lib64/ccache/c++ 
Build flags: 
Id flags: 

The output was:
0


Compilation of the CXX compiler identification source "CMakeCXXCompilerId.cpp" produced "a.out"

The CXX compiler identification is GNU, found in "/home/maidis/Gelistirme/c++/kde-gelistirme-kitabi/icerik/05/00/build/CMakeFiles/2.8.10.2/CompilerIdCXX/a.out"

Determining if the C compiler works passed with the following output:
Change Dir: /home/maidis/Gelistirme/c++/kde-gelistirme-kitabi/icerik/05/00/build/CMakeFiles/CMakeTmp

Run Build Command:/usr/bin/gmake "cmTryCompileExec2778837680/fast"
/usr/bin/gmake -f CMakeFiles/cmTryCompileExec2778837680.dir/build.make CMakeFiles/cmTryCompileExec2778837680.dir/build
gmake[1]:`/home/maidis/Gelistirme/c++/kde-gelistirme-kitabi/icerik/05/00/build/CMakeFiles/CMakeTmp' dizinine giriliyor
/usr/bin/cmake -E cmake_progress_report /home/maidis/Gelistirme/c++/kde-gelistirme-kitabi/icerik/05/00/build/CMakeFiles/CMakeTmp/CMakeFiles 1
Building C object CMakeFiles/cmTryCompileExec2778837680.dir/testCCompiler.c.o
/usr/lib64/ccache/cc    -o CMakeFiles/cmTryCompileExec2778837680.dir/testCCompiler.c.o   -c /home/maidis/Gelistirme/c++/kde-gelistirme-kitabi/icerik/05/00/build/CMakeFiles/CMakeTmp/testCCompiler.c
Linking C executable cmTryCompileExec2778837680
/usr/bin/cmake -E cmake_link_script CMakeFiles/cmTryCompileExec2778837680.dir/link.txt --verbose=1
/usr/lib64/ccache/cc         CMakeFiles/cmTryCompileExec2778837680.dir/testCCompiler.c.o  -o cmTryCompileExec2778837680 -rdynamic 
gmake[1]: `/home/maidis/Gelistirme/c++/kde-gelistirme-kitabi/icerik/05/00/build/CMakeFiles/CMakeTmp' dizininden çıkılıyor


Detecting C compiler ABI info compiled with the following output:
Change Dir: /home/maidis/Gelistirme/c++/kde-gelistirme-kitabi/icerik/05/00/build/CMakeFiles/CMakeTmp

Run Build Command:/usr/bin/gmake "cmTryCompileExec3810841646/fast"
/usr/bin/gmake -f CMakeFiles/cmTryCompileExec3810841646.dir/build.make CMakeFiles/cmTryCompileExec3810841646.dir/build
gmake[1]:`/home/maidis/Gelistirme/c++/kde-gelistirme-kitabi/icerik/05/00/build/CMakeFiles/CMakeTmp' dizinine giriliyor
/usr/bin/cmake -E cmake_progress_report /home/maidis/Gelistirme/c++/kde-gelistirme-kitabi/icerik/05/00/build/CMakeFiles/CMakeTmp/CMakeFiles 1
Building C object CMakeFiles/cmTryCompileExec3810841646.dir/CMakeCCompilerABI.c.o
/usr/lib64/ccache/cc    -o CMakeFiles/cmTryCompileExec3810841646.dir/CMakeCCompilerABI.c.o   -c /usr/share/cmake/Modules/CMakeCCompilerABI.c
Linking C executable cmTryCompileExec3810841646
/usr/bin/cmake -E cmake_link_script CMakeFiles/cmTryCompileExec3810841646.dir/link.txt --verbose=1
/usr/lib64/ccache/cc       -v CMakeFiles/cmTryCompileExec3810841646.dir/CMakeCCompilerABI.c.o  -o cmTryCompileExec3810841646 -rdynamic  
Yerleşik özellikler kullanılıyor.
COLLECT_GCC=/usr/bin/cc
COLLECT_LTO_WRAPPER=/usr/libexec/gcc/x86_64-redhat-linux/4.7.2/lto-wrapper
Hedef: x86_64-redhat-linux
../configure --prefix=/usr --mandir=/usr/share/man --infodir=/usr/share/info --with-bugurl=http://bugzilla.redhat.com/bugzilla --enable-bootstrap --enable-shared --enable-threads=posix --enable-checking=release --disable-build-with-cxx --disable-build-poststage1-with-cxx --with-system-zlib --enable-__cxa_atexit --disable-libunwind-exceptions --enable-gnu-unique-object --enable-linker-build-id --with-linker-hash-style=gnu --enable-languages=c,c++,objc,obj-c++,java,fortran,ada,go,lto --enable-plugin --enable-initfini-array --enable-java-awt=gtk --disable-dssi --with-java-home=/usr/lib/jvm/java-1.5.0-gcj-1.5.0.0/jre --enable-libgcj-multifile --enable-java-maintainer-mode --with-ecj-jar=/usr/share/java/eclipse-ecj.jar --disable-libjava-multilib --with-ppl --with-cloog --with-tune=generic --with-arch_32=i686 --build=x86_64-redhat-linux
seçenekleriyle yapılandırıldı.
Evre modeli: posix
gcc version 4.7.2 20121109 (Red Hat 4.7.2-8) (GCC) 
COMPILER_PATH=/usr/libexec/gcc/x86_64-redhat-linux/4.7.2/:/usr/libexec/gcc/x86_64-redhat-linux/4.7.2/:/usr/libexec/gcc/x86_64-redhat-linux/:/usr/lib/gcc/x86_64-redhat-linux/4.7.2/:/usr/lib/gcc/x86_64-redhat-linux/
LIBRARY_PATH=/usr/lib/gcc/x86_64-redhat-linux/4.7.2/:/usr/lib/gcc/x86_64-redhat-linux/4.7.2/../../../../lib64/:/lib/../lib64/:/usr/lib/../lib64/:/usr/lib/gcc/x86_64-redhat-linux/4.7.2/../../../:/lib/:/usr/lib/
COLLECT_GCC_OPTIONS='-v' '-o' 'cmTryCompileExec3810841646' '-rdynamic' '-mtune=generic' '-march=x86-64'
 /usr/libexec/gcc/x86_64-redhat-linux/4.7.2/collect2 --build-id --no-add-needed --eh-frame-hdr --hash-style=gnu -m elf_x86_64 -export-dynamic -dynamic-linker /lib64/ld-linux-x86-64.so.2 -o cmTryCompileExec3810841646 /usr/lib/gcc/x86_64-redhat-linux/4.7.2/../../../../lib64/crt1.o /usr/lib/gcc/x86_64-redhat-linux/4.7.2/../../../../lib64/crti.o /usr/lib/gcc/x86_64-redhat-linux/4.7.2/crtbegin.o -L/usr/lib/gcc/x86_64-redhat-linux/4.7.2 -L/usr/lib/gcc/x86_64-redhat-linux/4.7.2/../../../../lib64 -L/lib/../lib64 -L/usr/lib/../lib64 -L/usr/lib/gcc/x86_64-redhat-linux/4.7.2/../../.. CMakeFiles/cmTryCompileExec3810841646.dir/CMakeCCompilerABI.c.o -lgcc --as-needed -lgcc_s --no-as-needed -lc -lgcc --as-needed -lgcc_s --no-as-needed /usr/lib/gcc/x86_64-redhat-linux/4.7.2/crtend.o /usr/lib/gcc/x86_64-redhat-linux/4.7.2/../../../../lib64/crtn.o
gmake[1]: `/home/maidis/Gelistirme/c++/kde-gelistirme-kitabi/icerik/05/00/build/CMakeFiles/CMakeTmp' dizininden çıkılıyor


Parsed C implicit link information from above output:
  link line regex: [^( *|.*[/\])(ld|ld|collect2)[^/\]*( |$)]
  ignore line: [Change Dir: /home/maidis/Gelistirme/c++/kde-gelistirme-kitabi/icerik/05/00/build/CMakeFiles/CMakeTmp]
  ignore line: []
  ignore line: [Run Build Command:/usr/bin/gmake "cmTryCompileExec3810841646/fast"]
  ignore line: [/usr/bin/gmake -f CMakeFiles/cmTryCompileExec3810841646.dir/build.make CMakeFiles/cmTryCompileExec3810841646.dir/build]
  ignore line: [gmake[1]:`/home/maidis/Gelistirme/c++/kde-gelistirme-kitabi/icerik/05/00/build/CMakeFiles/CMakeTmp' dizinine giriliyor]
  ignore line: [/usr/bin/cmake -E cmake_progress_report /home/maidis/Gelistirme/c++/kde-gelistirme-kitabi/icerik/05/00/build/CMakeFiles/CMakeTmp/CMakeFiles 1]
  ignore line: [Building C object CMakeFiles/cmTryCompileExec3810841646.dir/CMakeCCompilerABI.c.o]
  ignore line: [/usr/lib64/ccache/cc    -o CMakeFiles/cmTryCompileExec3810841646.dir/CMakeCCompilerABI.c.o   -c /usr/share/cmake/Modules/CMakeCCompilerABI.c]
  ignore line: [Linking C executable cmTryCompileExec3810841646]
  ignore line: [/usr/bin/cmake -E cmake_link_script CMakeFiles/cmTryCompileExec3810841646.dir/link.txt --verbose=1]
  ignore line: [/usr/lib64/ccache/cc       -v CMakeFiles/cmTryCompileExec3810841646.dir/CMakeCCompilerABI.c.o  -o cmTryCompileExec3810841646 -rdynamic  ]
  ignore line: [Yerleşik özellikler kullanılıyor.]
  ignore line: [COLLECT_GCC=/usr/bin/cc]
  ignore line: [COLLECT_LTO_WRAPPER=/usr/libexec/gcc/x86_64-redhat-linux/4.7.2/lto-wrapper]
  ignore line: [Hedef: x86_64-redhat-linux]
  ignore line: [../configure --prefix=/usr --mandir=/usr/share/man --infodir=/usr/share/info --with-bugurl=http://bugzilla.redhat.com/bugzilla --enable-bootstrap --enable-shared --enable-threads=posix --enable-checking=release --disable-build-with-cxx --disable-build-poststage1-with-cxx --with-system-zlib --enable-__cxa_atexit --disable-libunwind-exceptions --enable-gnu-unique-object --enable-linker-build-id --with-linker-hash-style=gnu --enable-languages=c,c++,objc,obj-c++,java,fortran,ada,go,lto --enable-plugin --enable-initfini-array --enable-java-awt=gtk --disable-dssi --with-java-home=/usr/lib/jvm/java-1.5.0-gcj-1.5.0.0/jre --enable-libgcj-multifile --enable-java-maintainer-mode --with-ecj-jar=/usr/share/java/eclipse-ecj.jar --disable-libjava-multilib --with-ppl --with-cloog --with-tune=generic --with-arch_32=i686 --build=x86_64-redhat-linux]
  ignore line: [seçenekleriyle yapılandırıldı.]
  ignore line: [Evre modeli: posix]
  ignore line: [gcc version 4.7.2 20121109 (Red Hat 4.7.2-8) (GCC) ]
  ignore line: [COMPILER_PATH=/usr/libexec/gcc/x86_64-redhat-linux/4.7.2/:/usr/libexec/gcc/x86_64-redhat-linux/4.7.2/:/usr/libexec/gcc/x86_64-redhat-linux/:/usr/lib/gcc/x86_64-redhat-linux/4.7.2/:/usr/lib/gcc/x86_64-redhat-linux/]
  ignore line: [LIBRARY_PATH=/usr/lib/gcc/x86_64-redhat-linux/4.7.2/:/usr/lib/gcc/x86_64-redhat-linux/4.7.2/../../../../lib64/:/lib/../lib64/:/usr/lib/../lib64/:/usr/lib/gcc/x86_64-redhat-linux/4.7.2/../../../:/lib/:/usr/lib/]
  ignore line: [COLLECT_GCC_OPTIONS='-v' '-o' 'cmTryCompileExec3810841646' '-rdynamic' '-mtune=generic' '-march=x86-64']
  link line: [ /usr/libexec/gcc/x86_64-redhat-linux/4.7.2/collect2 --build-id --no-add-needed --eh-frame-hdr --hash-style=gnu -m elf_x86_64 -export-dynamic -dynamic-linker /lib64/ld-linux-x86-64.so.2 -o cmTryCompileExec3810841646 /usr/lib/gcc/x86_64-redhat-linux/4.7.2/../../../../lib64/crt1.o /usr/lib/gcc/x86_64-redhat-linux/4.7.2/../../../../lib64/crti.o /usr/lib/gcc/x86_64-redhat-linux/4.7.2/crtbegin.o -L/usr/lib/gcc/x86_64-redhat-linux/4.7.2 -L/usr/lib/gcc/x86_64-redhat-linux/4.7.2/../../../../lib64 -L/lib/../lib64 -L/usr/lib/../lib64 -L/usr/lib/gcc/x86_64-redhat-linux/4.7.2/../../.. CMakeFiles/cmTryCompileExec3810841646.dir/CMakeCCompilerABI.c.o -lgcc --as-needed -lgcc_s --no-as-needed -lc -lgcc --as-needed -lgcc_s --no-as-needed /usr/lib/gcc/x86_64-redhat-linux/4.7.2/crtend.o /usr/lib/gcc/x86_64-redhat-linux/4.7.2/../../../../lib64/crtn.o]
    arg [/usr/libexec/gcc/x86_64-redhat-linux/4.7.2/collect2] ==> ignore
    arg [--build-id] ==> ignore
    arg [--no-add-needed] ==> ignore
    arg [--eh-frame-hdr] ==> ignore
    arg [--hash-style=gnu] ==> ignore
    arg [-m] ==> ignore
    arg [elf_x86_64] ==> ignore
    arg [-export-dynamic] ==> ignore
    arg [-dynamic-linker] ==> ignore
    arg [/lib64/ld-linux-x86-64.so.2] ==> ignore
    arg [-o] ==> ignore
    arg [cmTryCompileExec3810841646] ==> ignore
    arg [/usr/lib/gcc/x86_64-redhat-linux/4.7.2/../../../../lib64/crt1.o] ==> ignore
    arg [/usr/lib/gcc/x86_64-redhat-linux/4.7.2/../../../../lib64/crti.o] ==> ignore
    arg [/usr/lib/gcc/x86_64-redhat-linux/4.7.2/crtbegin.o] ==> ignore
    arg [-L/usr/lib/gcc/x86_64-redhat-linux/4.7.2] ==> dir [/usr/lib/gcc/x86_64-redhat-linux/4.7.2]
    arg [-L/usr/lib/gcc/x86_64-redhat-linux/4.7.2/../../../../lib64] ==> dir [/usr/lib/gcc/x86_64-redhat-linux/4.7.2/../../../../lib64]
    arg [-L/lib/../lib64] ==> dir [/lib/../lib64]
    arg [-L/usr/lib/../lib64] ==> dir [/usr/lib/../lib64]
    arg [-L/usr/lib/gcc/x86_64-redhat-linux/4.7.2/../../..] ==> dir [/usr/lib/gcc/x86_64-redhat-linux/4.7.2/../../..]
    arg [CMakeFiles/cmTryCompileExec3810841646.dir/CMakeCCompilerABI.c.o] ==> ignore
    arg [-lgcc] ==> lib [gcc]
    arg [--as-needed] ==> ignore
    arg [-lgcc_s] ==> lib [gcc_s]
    arg [--no-as-needed] ==> ignore
    arg [-lc] ==> lib [c]
    arg [-lgcc] ==> lib [gcc]
    arg [--as-needed] ==> ignore
    arg [-lgcc_s] ==> lib [gcc_s]
    arg [--no-as-needed] ==> ignore
    arg [/usr/lib/gcc/x86_64-redhat-linux/4.7.2/crtend.o] ==> ignore
    arg [/usr/lib/gcc/x86_64-redhat-linux/4.7.2/../../../../lib64/crtn.o] ==> ignore
  remove lib [gcc]
  remove lib [gcc_s]
  remove lib [gcc]
  remove lib [gcc_s]
  collapse dir [/usr/lib/gcc/x86_64-redhat-linux/4.7.2] ==> [/usr/lib/gcc/x86_64-redhat-linux/4.7.2]
  collapse dir [/usr/lib/gcc/x86_64-redhat-linux/4.7.2/../../../../lib64] ==> [/usr/lib64]
  collapse dir [/lib/../lib64] ==> [/lib64]
  collapse dir [/usr/lib/../lib64] ==> [/usr/lib64]
  collapse dir [/usr/lib/gcc/x86_64-redhat-linux/4.7.2/../../..] ==> [/usr/lib]
  implicit libs: [c]
  implicit dirs: [/usr/lib/gcc/x86_64-redhat-linux/4.7.2;/usr/lib64;/lib64;/usr/lib]


Determining if the CXX compiler works passed with the following output:
Change Dir: /home/maidis/Gelistirme/c++/kde-gelistirme-kitabi/icerik/05/00/build/CMakeFiles/CMakeTmp

Run Build Command:/usr/bin/gmake "cmTryCompileExec2652459757/fast"
/usr/bin/gmake -f CMakeFiles/cmTryCompileExec2652459757.dir/build.make CMakeFiles/cmTryCompileExec2652459757.dir/build
gmake[1]:`/home/maidis/Gelistirme/c++/kde-gelistirme-kitabi/icerik/05/00/build/CMakeFiles/CMakeTmp' dizinine giriliyor
/usr/bin/cmake -E cmake_progress_report /home/maidis/Gelistirme/c++/kde-gelistirme-kitabi/icerik/05/00/build/CMakeFiles/CMakeTmp/CMakeFiles 1
Building CXX object CMakeFiles/cmTryCompileExec2652459757.dir/testCXXCompiler.cxx.o
/usr/lib64/ccache/c++     -o CMakeFiles/cmTryCompileExec2652459757.dir/testCXXCompiler.cxx.o -c /home/maidis/Gelistirme/c++/kde-gelistirme-kitabi/icerik/05/00/build/CMakeFiles/CMakeTmp/testCXXCompiler.cxx
Linking CXX executable cmTryCompileExec2652459757
/usr/bin/cmake -E cmake_link_script CMakeFiles/cmTryCompileExec2652459757.dir/link.txt --verbose=1
/usr/lib64/ccache/c++          CMakeFiles/cmTryCompileExec2652459757.dir/testCXXCompiler.cxx.o  -o cmTryCompileExec2652459757 -rdynamic 
gmake[1]: `/home/maidis/Gelistirme/c++/kde-gelistirme-kitabi/icerik/05/00/build/CMakeFiles/CMakeTmp' dizininden çıkılıyor


Detecting CXX compiler ABI info compiled with the following output:
Change Dir: /home/maidis/Gelistirme/c++/kde-gelistirme-kitabi/icerik/05/00/build/CMakeFiles/CMakeTmp

Run Build Command:/usr/bin/gmake "cmTryCompileExec746288769/fast"
/usr/bin/gmake -f CMakeFiles/cmTryCompileExec746288769.dir/build.make CMakeFiles/cmTryCompileExec746288769.dir/build
gmake[1]:`/home/maidis/Gelistirme/c++/kde-gelistirme-kitabi/icerik/05/00/build/CMakeFiles/CMakeTmp' dizinine giriliyor
/usr/bin/cmake -E cmake_progress_report /home/maidis/Gelistirme/c++/kde-gelistirme-kitabi/icerik/05/00/build/CMakeFiles/CMakeTmp/CMakeFiles 1
Building CXX object CMakeFiles/cmTryCompileExec746288769.dir/CMakeCXXCompilerABI.cpp.o
/usr/lib64/ccache/c++     -o CMakeFiles/cmTryCompileExec746288769.dir/CMakeCXXCompilerABI.cpp.o -c /usr/share/cmake/Modules/CMakeCXXCompilerABI.cpp
Linking CXX executable cmTryCompileExec746288769
/usr/bin/cmake -E cmake_link_script CMakeFiles/cmTryCompileExec746288769.dir/link.txt --verbose=1
/usr/lib64/ccache/c++        -v CMakeFiles/cmTryCompileExec746288769.dir/CMakeCXXCompilerABI.cpp.o  -o cmTryCompileExec746288769 -rdynamic  
Yerleşik özellikler kullanılıyor.
COLLECT_GCC=/usr/bin/c++
COLLECT_LTO_WRAPPER=/usr/libexec/gcc/x86_64-redhat-linux/4.7.2/lto-wrapper
Hedef: x86_64-redhat-linux
../configure --prefix=/usr --mandir=/usr/share/man --infodir=/usr/share/info --with-bugurl=http://bugzilla.redhat.com/bugzilla --enable-bootstrap --enable-shared --enable-threads=posix --enable-checking=release --disable-build-with-cxx --disable-build-poststage1-with-cxx --with-system-zlib --enable-__cxa_atexit --disable-libunwind-exceptions --enable-gnu-unique-object --enable-linker-build-id --with-linker-hash-style=gnu --enable-languages=c,c++,objc,obj-c++,java,fortran,ada,go,lto --enable-plugin --enable-initfini-array --enable-java-awt=gtk --disable-dssi --with-java-home=/usr/lib/jvm/java-1.5.0-gcj-1.5.0.0/jre --enable-libgcj-multifile --enable-java-maintainer-mode --with-ecj-jar=/usr/share/java/eclipse-ecj.jar --disable-libjava-multilib --with-ppl --with-cloog --with-tune=generic --with-arch_32=i686 --build=x86_64-redhat-linux
seçenekleriyle yapılandırıldı.
Evre modeli: posix
gcc version 4.7.2 20121109 (Red Hat 4.7.2-8) (GCC) 
COMPILER_PATH=/usr/libexec/gcc/x86_64-redhat-linux/4.7.2/:/usr/libexec/gcc/x86_64-redhat-linux/4.7.2/:/usr/libexec/gcc/x86_64-redhat-linux/:/usr/lib/gcc/x86_64-redhat-linux/4.7.2/:/usr/lib/gcc/x86_64-redhat-linux/
LIBRARY_PATH=/usr/lib/gcc/x86_64-redhat-linux/4.7.2/:/usr/lib/gcc/x86_64-redhat-linux/4.7.2/../../../../lib64/:/lib/../lib64/:/usr/lib/../lib64/:/usr/lib/gcc/x86_64-redhat-linux/4.7.2/../../../:/lib/:/usr/lib/
COLLECT_GCC_OPTIONS='-v' '-o' 'cmTryCompileExec746288769' '-rdynamic' '-shared-libgcc' '-mtune=generic' '-march=x86-64'
 /usr/libexec/gcc/x86_64-redhat-linux/4.7.2/collect2 --build-id --no-add-needed --eh-frame-hdr --hash-style=gnu -m elf_x86_64 -export-dynamic -dynamic-linker /lib64/ld-linux-x86-64.so.2 -o cmTryCompileExec746288769 /usr/lib/gcc/x86_64-redhat-linux/4.7.2/../../../../lib64/crt1.o /usr/lib/gcc/x86_64-redhat-linux/4.7.2/../../../../lib64/crti.o /usr/lib/gcc/x86_64-redhat-linux/4.7.2/crtbegin.o -L/usr/lib/gcc/x86_64-redhat-linux/4.7.2 -L/usr/lib/gcc/x86_64-redhat-linux/4.7.2/../../../../lib64 -L/lib/../lib64 -L/usr/lib/../lib64 -L/usr/lib/gcc/x86_64-redhat-linux/4.7.2/../../.. CMakeFiles/cmTryCompileExec746288769.dir/CMakeCXXCompilerABI.cpp.o -lstdc++ -lm -lgcc_s -lgcc -lc -lgcc_s -lgcc /usr/lib/gcc/x86_64-redhat-linux/4.7.2/crtend.o /usr/lib/gcc/x86_64-redhat-linux/4.7.2/../../../../lib64/crtn.o
gmake[1]: `/home/maidis/Gelistirme/c++/kde-gelistirme-kitabi/icerik/05/00/build/CMakeFiles/CMakeTmp' dizininden çıkılıyor


Parsed CXX implicit link information from above output:
  link line regex: [^( *|.*[/\])(ld|ld|collect2)[^/\]*( |$)]
  ignore line: [Change Dir: /home/maidis/Gelistirme/c++/kde-gelistirme-kitabi/icerik/05/00/build/CMakeFiles/CMakeTmp]
  ignore line: []
  ignore line: [Run Build Command:/usr/bin/gmake "cmTryCompileExec746288769/fast"]
  ignore line: [/usr/bin/gmake -f CMakeFiles/cmTryCompileExec746288769.dir/build.make CMakeFiles/cmTryCompileExec746288769.dir/build]
  ignore line: [gmake[1]:`/home/maidis/Gelistirme/c++/kde-gelistirme-kitabi/icerik/05/00/build/CMakeFiles/CMakeTmp' dizinine giriliyor]
  ignore line: [/usr/bin/cmake -E cmake_progress_report /home/maidis/Gelistirme/c++/kde-gelistirme-kitabi/icerik/05/00/build/CMakeFiles/CMakeTmp/CMakeFiles 1]
  ignore line: [Building CXX object CMakeFiles/cmTryCompileExec746288769.dir/CMakeCXXCompilerABI.cpp.o]
  ignore line: [/usr/lib64/ccache/c++     -o CMakeFiles/cmTryCompileExec746288769.dir/CMakeCXXCompilerABI.cpp.o -c /usr/share/cmake/Modules/CMakeCXXCompilerABI.cpp]
  ignore line: [Linking CXX executable cmTryCompileExec746288769]
  ignore line: [/usr/bin/cmake -E cmake_link_script CMakeFiles/cmTryCompileExec746288769.dir/link.txt --verbose=1]
  ignore line: [/usr/lib64/ccache/c++        -v CMakeFiles/cmTryCompileExec746288769.dir/CMakeCXXCompilerABI.cpp.o  -o cmTryCompileExec746288769 -rdynamic  ]
  ignore line: [Yerleşik özellikler kullanılıyor.]
  ignore line: [COLLECT_GCC=/usr/bin/c++]
  ignore line: [COLLECT_LTO_WRAPPER=/usr/libexec/gcc/x86_64-redhat-linux/4.7.2/lto-wrapper]
  ignore line: [Hedef: x86_64-redhat-linux]
  ignore line: [../configure --prefix=/usr --mandir=/usr/share/man --infodir=/usr/share/info --with-bugurl=http://bugzilla.redhat.com/bugzilla --enable-bootstrap --enable-shared --enable-threads=posix --enable-checking=release --disable-build-with-cxx --disable-build-poststage1-with-cxx --with-system-zlib --enable-__cxa_atexit --disable-libunwind-exceptions --enable-gnu-unique-object --enable-linker-build-id --with-linker-hash-style=gnu --enable-languages=c,c++,objc,obj-c++,java,fortran,ada,go,lto --enable-plugin --enable-initfini-array --enable-java-awt=gtk --disable-dssi --with-java-home=/usr/lib/jvm/java-1.5.0-gcj-1.5.0.0/jre --enable-libgcj-multifile --enable-java-maintainer-mode --with-ecj-jar=/usr/share/java/eclipse-ecj.jar --disable-libjava-multilib --with-ppl --with-cloog --with-tune=generic --with-arch_32=i686 --build=x86_64-redhat-linux]
  ignore line: [seçenekleriyle yapılandırıldı.]
  ignore line: [Evre modeli: posix]
  ignore line: [gcc version 4.7.2 20121109 (Red Hat 4.7.2-8) (GCC) ]
  ignore line: [COMPILER_PATH=/usr/libexec/gcc/x86_64-redhat-linux/4.7.2/:/usr/libexec/gcc/x86_64-redhat-linux/4.7.2/:/usr/libexec/gcc/x86_64-redhat-linux/:/usr/lib/gcc/x86_64-redhat-linux/4.7.2/:/usr/lib/gcc/x86_64-redhat-linux/]
  ignore line: [LIBRARY_PATH=/usr/lib/gcc/x86_64-redhat-linux/4.7.2/:/usr/lib/gcc/x86_64-redhat-linux/4.7.2/../../../../lib64/:/lib/../lib64/:/usr/lib/../lib64/:/usr/lib/gcc/x86_64-redhat-linux/4.7.2/../../../:/lib/:/usr/lib/]
  ignore line: [COLLECT_GCC_OPTIONS='-v' '-o' 'cmTryCompileExec746288769' '-rdynamic' '-shared-libgcc' '-mtune=generic' '-march=x86-64']
  link line: [ /usr/libexec/gcc/x86_64-redhat-linux/4.7.2/collect2 --build-id --no-add-needed --eh-frame-hdr --hash-style=gnu -m elf_x86_64 -export-dynamic -dynamic-linker /lib64/ld-linux-x86-64.so.2 -o cmTryCompileExec746288769 /usr/lib/gcc/x86_64-redhat-linux/4.7.2/../../../../lib64/crt1.o /usr/lib/gcc/x86_64-redhat-linux/4.7.2/../../../../lib64/crti.o /usr/lib/gcc/x86_64-redhat-linux/4.7.2/crtbegin.o -L/usr/lib/gcc/x86_64-redhat-linux/4.7.2 -L/usr/lib/gcc/x86_64-redhat-linux/4.7.2/../../../../lib64 -L/lib/../lib64 -L/usr/lib/../lib64 -L/usr/lib/gcc/x86_64-redhat-linux/4.7.2/../../.. CMakeFiles/cmTryCompileExec746288769.dir/CMakeCXXCompilerABI.cpp.o -lstdc++ -lm -lgcc_s -lgcc -lc -lgcc_s -lgcc /usr/lib/gcc/x86_64-redhat-linux/4.7.2/crtend.o /usr/lib/gcc/x86_64-redhat-linux/4.7.2/../../../../lib64/crtn.o]
    arg [/usr/libexec/gcc/x86_64-redhat-linux/4.7.2/collect2] ==> ignore
    arg [--build-id] ==> ignore
    arg [--no-add-needed] ==> ignore
    arg [--eh-frame-hdr] ==> ignore
    arg [--hash-style=gnu] ==> ignore
    arg [-m] ==> ignore
    arg [elf_x86_64] ==> ignore
    arg [-export-dynamic] ==> ignore
    arg [-dynamic-linker] ==> ignore
    arg [/lib64/ld-linux-x86-64.so.2] ==> ignore
    arg [-o] ==> ignore
    arg [cmTryCompileExec746288769] ==> ignore
    arg [/usr/lib/gcc/x86_64-redhat-linux/4.7.2/../../../../lib64/crt1.o] ==> ignore
    arg [/usr/lib/gcc/x86_64-redhat-linux/4.7.2/../../../../lib64/crti.o] ==> ignore
    arg [/usr/lib/gcc/x86_64-redhat-linux/4.7.2/crtbegin.o] ==> ignore
    arg [-L/usr/lib/gcc/x86_64-redhat-linux/4.7.2] ==> dir [/usr/lib/gcc/x86_64-redhat-linux/4.7.2]
    arg [-L/usr/lib/gcc/x86_64-redhat-linux/4.7.2/../../../../lib64] ==> dir [/usr/lib/gcc/x86_64-redhat-linux/4.7.2/../../../../lib64]
    arg [-L/lib/../lib64] ==> dir [/lib/../lib64]
    arg [-L/usr/lib/../lib64] ==> dir [/usr/lib/../lib64]
    arg [-L/usr/lib/gcc/x86_64-redhat-linux/4.7.2/../../..] ==> dir [/usr/lib/gcc/x86_64-redhat-linux/4.7.2/../../..]
    arg [CMakeFiles/cmTryCompileExec746288769.dir/CMakeCXXCompilerABI.cpp.o] ==> ignore
    arg [-lstdc++] ==> lib [stdc++]
    arg [-lm] ==> lib [m]
    arg [-lgcc_s] ==> lib [gcc_s]
    arg [-lgcc] ==> lib [gcc]
    arg [-lc] ==> lib [c]
    arg [-lgcc_s] ==> lib [gcc_s]
    arg [-lgcc] ==> lib [gcc]
    arg [/usr/lib/gcc/x86_64-redhat-linux/4.7.2/crtend.o] ==> ignore
    arg [/usr/lib/gcc/x86_64-redhat-linux/4.7.2/../../../../lib64/crtn.o] ==> ignore
  remove lib [gcc_s]
  remove lib [gcc]
  remove lib [gcc_s]
  remove lib [gcc]
  collapse dir [/usr/lib/gcc/x86_64-redhat-linux/4.7.2] ==> [/usr/lib/gcc/x86_64-redhat-linux/4.7.2]
  collapse dir [/usr/lib/gcc/x86_64-redhat-linux/4.7.2/../../../../lib64] ==> [/usr/lib64]
  collapse dir [/lib/../lib64] ==> [/lib64]
  collapse dir [/usr/lib/../lib64] ==> [/usr/lib64]
  collapse dir [/usr/lib/gcc/x86_64-redhat-linux/4.7.2/../../..] ==> [/usr/lib]
  implicit libs: [stdc++;m;c]
  implicit dirs: [/usr/lib/gcc/x86_64-redhat-linux/4.7.2;/usr/lib64;/lib64;/usr/lib]


Determining if the Q_WS_X11 exist passed with the following output:
Change Dir: /home/maidis/Gelistirme/c++/kde-gelistirme-kitabi/icerik/05/00/build/CMakeFiles/CMakeTmp

Run Build Command:/usr/bin/gmake "cmTryCompileExec2220916100/fast"
/usr/bin/gmake -f CMakeFiles/cmTryCompileExec2220916100.dir/build.make CMakeFiles/cmTryCompileExec2220916100.dir/build
gmake[1]:`/home/maidis/Gelistirme/c++/kde-gelistirme-kitabi/icerik/05/00/build/CMakeFiles/CMakeTmp' dizinine giriliyor
/usr/bin/cmake -E cmake_progress_report /home/maidis/Gelistirme/c++/kde-gelistirme-kitabi/icerik/05/00/build/CMakeFiles/CMakeTmp/CMakeFiles 1
Building C object CMakeFiles/cmTryCompileExec2220916100.dir/CheckSymbolExists.c.o
/usr/lib64/ccache/cc    -o CMakeFiles/cmTryCompileExec2220916100.dir/CheckSymbolExists.c.o   -c /home/maidis/Gelistirme/c++/kde-gelistirme-kitabi/icerik/05/00/build/CMakeFiles/CMakeTmp/CheckSymbolExists.c
Linking C executable cmTryCompileExec2220916100
/usr/bin/cmake -E cmake_link_script CMakeFiles/cmTryCompileExec2220916100.dir/link.txt --verbose=1
/usr/lib64/ccache/cc         CMakeFiles/cmTryCompileExec2220916100.dir/CheckSymbolExists.c.o  -o cmTryCompileExec2220916100 -rdynamic 
gmake[1]: `/home/maidis/Gelistirme/c++/kde-gelistirme-kitabi/icerik/05/00/build/CMakeFiles/CMakeTmp' dizininden çıkılıyor

File /home/maidis/Gelistirme/c++/kde-gelistirme-kitabi/icerik/05/00/build/CMakeFiles/CMakeTmp/CheckSymbolExists.c:
/* */
#include <QtCore/qglobal.h>

int main(int argc, char** argv)
{
  (void)argv;
#ifndef Q_WS_X11
  return ((int*)(&Q_WS_X11))[argc];
#else
  (void)argc;
  return 0;
#endif
}

Determining if the function XOpenDisplay exists in the /usr/lib64/libX11.so;/usr/lib64/libXext.so;/usr/lib64/libXft.so;/usr/lib64/libXau.so;/usr/lib64/libXpm.so passed with the following output:
Change Dir: /home/maidis/Gelistirme/c++/kde-gelistirme-kitabi/icerik/05/00/build/CMakeFiles/CMakeTmp

Run Build Command:/usr/bin/gmake "cmTryCompileExec166417595/fast"
/usr/bin/gmake -f CMakeFiles/cmTryCompileExec166417595.dir/build.make CMakeFiles/cmTryCompileExec166417595.dir/build
gmake[1]:`/home/maidis/Gelistirme/c++/kde-gelistirme-kitabi/icerik/05/00/build/CMakeFiles/CMakeTmp' dizinine giriliyor
/usr/bin/cmake -E cmake_progress_report /home/maidis/Gelistirme/c++/kde-gelistirme-kitabi/icerik/05/00/build/CMakeFiles/CMakeTmp/CMakeFiles 1
Building C object CMakeFiles/cmTryCompileExec166417595.dir/CheckFunctionExists.c.o
/usr/lib64/ccache/cc   -DCHECK_FUNCTION_EXISTS=XOpenDisplay   -o CMakeFiles/cmTryCompileExec166417595.dir/CheckFunctionExists.c.o   -c /usr/share/cmake/Modules/CheckFunctionExists.c
Linking C executable cmTryCompileExec166417595
/usr/bin/cmake -E cmake_link_script CMakeFiles/cmTryCompileExec166417595.dir/link.txt --verbose=1
/usr/lib64/ccache/cc     -DCHECK_FUNCTION_EXISTS=XOpenDisplay    CMakeFiles/cmTryCompileExec166417595.dir/CheckFunctionExists.c.o  -o cmTryCompileExec166417595 -rdynamic -lX11 -lXext -lXft -lXau -lXpm 
gmake[1]: `/home/maidis/Gelistirme/c++/kde-gelistirme-kitabi/icerik/05/00/build/CMakeFiles/CMakeTmp' dizininden çıkılıyor


Determining if the function gethostbyname exists passed with the following output:
Change Dir: /home/maidis/Gelistirme/c++/kde-gelistirme-kitabi/icerik/05/00/build/CMakeFiles/CMakeTmp

Run Build Command:/usr/bin/gmake "cmTryCompileExec1045700615/fast"
/usr/bin/gmake -f CMakeFiles/cmTryCompileExec1045700615.dir/build.make CMakeFiles/cmTryCompileExec1045700615.dir/build
gmake[1]:`/home/maidis/Gelistirme/c++/kde-gelistirme-kitabi/icerik/05/00/build/CMakeFiles/CMakeTmp' dizinine giriliyor
/usr/bin/cmake -E cmake_progress_report /home/maidis/Gelistirme/c++/kde-gelistirme-kitabi/icerik/05/00/build/CMakeFiles/CMakeTmp/CMakeFiles 1
Building C object CMakeFiles/cmTryCompileExec1045700615.dir/CheckFunctionExists.c.o
/usr/lib64/ccache/cc   -DCHECK_FUNCTION_EXISTS=gethostbyname   -o CMakeFiles/cmTryCompileExec1045700615.dir/CheckFunctionExists.c.o   -c /usr/share/cmake/Modules/CheckFunctionExists.c
Linking C executable cmTryCompileExec1045700615
/usr/bin/cmake -E cmake_link_script CMakeFiles/cmTryCompileExec1045700615.dir/link.txt --verbose=1
/usr/lib64/ccache/cc     -DCHECK_FUNCTION_EXISTS=gethostbyname    CMakeFiles/cmTryCompileExec1045700615.dir/CheckFunctionExists.c.o  -o cmTryCompileExec1045700615 -rdynamic 
gmake[1]: `/home/maidis/Gelistirme/c++/kde-gelistirme-kitabi/icerik/05/00/build/CMakeFiles/CMakeTmp' dizininden çıkılıyor


Determining if the function connect exists passed with the following output:
Change Dir: /home/maidis/Gelistirme/c++/kde-gelistirme-kitabi/icerik/05/00/build/CMakeFiles/CMakeTmp

Run Build Command:/usr/bin/gmake "cmTryCompileExec3696489579/fast"
/usr/bin/gmake -f CMakeFiles/cmTryCompileExec3696489579.dir/build.make CMakeFiles/cmTryCompileExec3696489579.dir/build
gmake[1]:`/home/maidis/Gelistirme/c++/kde-gelistirme-kitabi/icerik/05/00/build/CMakeFiles/CMakeTmp' dizinine giriliyor
/usr/bin/cmake -E cmake_progress_report /home/maidis/Gelistirme/c++/kde-gelistirme-kitabi/icerik/05/00/build/CMakeFiles/CMakeTmp/CMakeFiles 1
Building C object CMakeFiles/cmTryCompileExec3696489579.dir/CheckFunctionExists.c.o
/usr/lib64/ccache/cc   -DCHECK_FUNCTION_EXISTS=connect   -o CMakeFiles/cmTryCompileExec3696489579.dir/CheckFunctionExists.c.o   -c /usr/share/cmake/Modules/CheckFunctionExists.c
Linking C executable cmTryCompileExec3696489579
/usr/bin/cmake -E cmake_link_script CMakeFiles/cmTryCompileExec3696489579.dir/link.txt --verbose=1
/usr/lib64/ccache/cc     -DCHECK_FUNCTION_EXISTS=connect    CMakeFiles/cmTryCompileExec3696489579.dir/CheckFunctionExists.c.o  -o cmTryCompileExec3696489579 -rdynamic 
gmake[1]: `/home/maidis/Gelistirme/c++/kde-gelistirme-kitabi/icerik/05/00/build/CMakeFiles/CMakeTmp' dizininden çıkılıyor


Determining if the function remove exists passed with the following output:
Change Dir: /home/maidis/Gelistirme/c++/kde-gelistirme-kitabi/icerik/05/00/build/CMakeFiles/CMakeTmp

Run Build Command:/usr/bin/gmake "cmTryCompileExec2141517298/fast"
/usr/bin/gmake -f CMakeFiles/cmTryCompileExec2141517298.dir/build.make CMakeFiles/cmTryCompileExec2141517298.dir/build
gmake[1]:`/home/maidis/Gelistirme/c++/kde-gelistirme-kitabi/icerik/05/00/build/CMakeFiles/CMakeTmp' dizinine giriliyor
/usr/bin/cmake -E cmake_progress_report /home/maidis/Gelistirme/c++/kde-gelistirme-kitabi/icerik/05/00/build/CMakeFiles/CMakeTmp/CMakeFiles 1
Building C object CMakeFiles/cmTryCompileExec2141517298.dir/CheckFunctionExists.c.o
/usr/lib64/ccache/cc   -DCHECK_FUNCTION_EXISTS=remove   -o CMakeFiles/cmTryCompileExec2141517298.dir/CheckFunctionExists.c.o   -c /usr/share/cmake/Modules/CheckFunctionExists.c
Linking C executable cmTryCompileExec2141517298
/usr/bin/cmake -E cmake_link_script CMakeFiles/cmTryCompileExec2141517298.dir/link.txt --verbose=1
/usr/lib64/ccache/cc     -DCHECK_FUNCTION_EXISTS=remove    CMakeFiles/cmTryCompileExec2141517298.dir/CheckFunctionExists.c.o  -o cmTryCompileExec2141517298 -rdynamic 
gmake[1]: `/home/maidis/Gelistirme/c++/kde-gelistirme-kitabi/icerik/05/00/build/CMakeFiles/CMakeTmp' dizininden çıkılıyor


Determining if the function shmat exists passed with the following output:
Change Dir: /home/maidis/Gelistirme/c++/kde-gelistirme-kitabi/icerik/05/00/build/CMakeFiles/CMakeTmp

Run Build Command:/usr/bin/gmake "cmTryCompileExec2396584686/fast"
/usr/bin/gmake -f CMakeFiles/cmTryCompileExec2396584686.dir/build.make CMakeFiles/cmTryCompileExec2396584686.dir/build
gmake[1]:`/home/maidis/Gelistirme/c++/kde-gelistirme-kitabi/icerik/05/00/build/CMakeFiles/CMakeTmp' dizinine giriliyor
/usr/bin/cmake -E cmake_progress_report /home/maidis/Gelistirme/c++/kde-gelistirme-kitabi/icerik/05/00/build/CMakeFiles/CMakeTmp/CMakeFiles 1
Building C object CMakeFiles/cmTryCompileExec2396584686.dir/CheckFunctionExists.c.o
/usr/lib64/ccache/cc   -DCHECK_FUNCTION_EXISTS=shmat   -o CMakeFiles/cmTryCompileExec2396584686.dir/CheckFunctionExists.c.o   -c /usr/share/cmake/Modules/CheckFunctionExists.c
Linking C executable cmTryCompileExec2396584686
/usr/bin/cmake -E cmake_link_script CMakeFiles/cmTryCompileExec2396584686.dir/link.txt --verbose=1
/usr/lib64/ccache/cc     -DCHECK_FUNCTION_EXISTS=shmat    CMakeFiles/cmTryCompileExec2396584686.dir/CheckFunctionExists.c.o  -o cmTryCompileExec2396584686 -rdynamic 
gmake[1]: `/home/maidis/Gelistirme/c++/kde-gelistirme-kitabi/icerik/05/00/build/CMakeFiles/CMakeTmp' dizininden çıkılıyor


Determining if the function IceConnectionNumber exists in the ICE passed with the following output:
Change Dir: /home/maidis/Gelistirme/c++/kde-gelistirme-kitabi/icerik/05/00/build/CMakeFiles/CMakeTmp

Run Build Command:/usr/bin/gmake "cmTryCompileExec1509855577/fast"
/usr/bin/gmake -f CMakeFiles/cmTryCompileExec1509855577.dir/build.make CMakeFiles/cmTryCompileExec1509855577.dir/build
gmake[1]:`/home/maidis/Gelistirme/c++/kde-gelistirme-kitabi/icerik/05/00/build/CMakeFiles/CMakeTmp' dizinine giriliyor
/usr/bin/cmake -E cmake_progress_report /home/maidis/Gelistirme/c++/kde-gelistirme-kitabi/icerik/05/00/build/CMakeFiles/CMakeTmp/CMakeFiles 1
Building C object CMakeFiles/cmTryCompileExec1509855577.dir/CheckFunctionExists.c.o
/usr/lib64/ccache/cc   -DCHECK_FUNCTION_EXISTS=IceConnectionNumber   -o CMakeFiles/cmTryCompileExec1509855577.dir/CheckFunctionExists.c.o   -c /usr/share/cmake/Modules/CheckFunctionExists.c
Linking C executable cmTryCompileExec1509855577
/usr/bin/cmake -E cmake_link_script CMakeFiles/cmTryCompileExec1509855577.dir/link.txt --verbose=1
/usr/lib64/ccache/cc     -DCHECK_FUNCTION_EXISTS=IceConnectionNumber    CMakeFiles/cmTryCompileExec1509855577.dir/CheckFunctionExists.c.o  -o cmTryCompileExec1509855577 -rdynamic -lICE 
gmake[1]: `/home/maidis/Gelistirme/c++/kde-gelistirme-kitabi/icerik/05/00/build/CMakeFiles/CMakeTmp' dizininden çıkılıyor


Determining if files pthread.h exist passed with the following output:
Change Dir: /home/maidis/Gelistirme/c++/kde-gelistirme-kitabi/icerik/05/00/build/CMakeFiles/CMakeTmp

Run Build Command:/usr/bin/gmake "cmTryCompileExec864532635/fast"
/usr/bin/gmake -f CMakeFiles/cmTryCompileExec864532635.dir/build.make CMakeFiles/cmTryCompileExec864532635.dir/build
gmake[1]:`/home/maidis/Gelistirme/c++/kde-gelistirme-kitabi/icerik/05/00/build/CMakeFiles/CMakeTmp' dizinine giriliyor
/usr/bin/cmake -E cmake_progress_report /home/maidis/Gelistirme/c++/kde-gelistirme-kitabi/icerik/05/00/build/CMakeFiles/CMakeTmp/CMakeFiles 1
Building C object CMakeFiles/cmTryCompileExec864532635.dir/CheckIncludeFiles.c.o
/usr/lib64/ccache/cc    -o CMakeFiles/cmTryCompileExec864532635.dir/CheckIncludeFiles.c.o   -c /home/maidis/Gelistirme/c++/kde-gelistirme-kitabi/icerik/05/00/build/CMakeFiles/CMakeTmp/CheckIncludeFiles.c
Linking C executable cmTryCompileExec864532635
/usr/bin/cmake -E cmake_link_script CMakeFiles/cmTryCompileExec864532635.dir/link.txt --verbose=1
/usr/lib64/ccache/cc         CMakeFiles/cmTryCompileExec864532635.dir/CheckIncludeFiles.c.o  -o cmTryCompileExec864532635 -rdynamic 
gmake[1]: `/home/maidis/Gelistirme/c++/kde-gelistirme-kitabi/icerik/05/00/build/CMakeFiles/CMakeTmp' dizininden çıkılıyor


Determining if the function pthread_create exists in the pthread passed with the following output:
Change Dir: /home/maidis/Gelistirme/c++/kde-gelistirme-kitabi/icerik/05/00/build/CMakeFiles/CMakeTmp

Run Build Command:/usr/bin/gmake "cmTryCompileExec3467191130/fast"
/usr/bin/gmake -f CMakeFiles/cmTryCompileExec3467191130.dir/build.make CMakeFiles/cmTryCompileExec3467191130.dir/build
gmake[1]:`/home/maidis/Gelistirme/c++/kde-gelistirme-kitabi/icerik/05/00/build/CMakeFiles/CMakeTmp' dizinine giriliyor
/usr/bin/cmake -E cmake_progress_report /home/maidis/Gelistirme/c++/kde-gelistirme-kitabi/icerik/05/00/build/CMakeFiles/CMakeTmp/CMakeFiles 1
Building C object CMakeFiles/cmTryCompileExec3467191130.dir/CheckFunctionExists.c.o
/usr/lib64/ccache/cc   -DCHECK_FUNCTION_EXISTS=pthread_create   -o CMakeFiles/cmTryCompileExec3467191130.dir/CheckFunctionExists.c.o   -c /usr/share/cmake/Modules/CheckFunctionExists.c
Linking C executable cmTryCompileExec3467191130
/usr/bin/cmake -E cmake_link_script CMakeFiles/cmTryCompileExec3467191130.dir/link.txt --verbose=1
/usr/lib64/ccache/cc     -DCHECK_FUNCTION_EXISTS=pthread_create    CMakeFiles/cmTryCompileExec3467191130.dir/CheckFunctionExists.c.o  -o cmTryCompileExec3467191130 -rdynamic -lpthread 
gmake[1]: `/home/maidis/Gelistirme/c++/kde-gelistirme-kitabi/icerik/05/00/build/CMakeFiles/CMakeTmp' dizininden çıkılıyor


Determining if the _POSIX_TIMERS exist passed with the following output:
Change Dir: /home/maidis/Gelistirme/c++/kde-gelistirme-kitabi/icerik/05/00/build/CMakeFiles/CMakeTmp

Run Build Command:/usr/bin/gmake "cmTryCompileExec3395432455/fast"
/usr/bin/gmake -f CMakeFiles/cmTryCompileExec3395432455.dir/build.make CMakeFiles/cmTryCompileExec3395432455.dir/build
gmake[1]:`/home/maidis/Gelistirme/c++/kde-gelistirme-kitabi/icerik/05/00/build/CMakeFiles/CMakeTmp' dizinine giriliyor
/usr/bin/cmake -E cmake_progress_report /home/maidis/Gelistirme/c++/kde-gelistirme-kitabi/icerik/05/00/build/CMakeFiles/CMakeTmp/CMakeFiles 1
Building C object CMakeFiles/cmTryCompileExec3395432455.dir/CheckSymbolExists.c.o
/usr/lib64/ccache/cc    -o CMakeFiles/cmTryCompileExec3395432455.dir/CheckSymbolExists.c.o   -c /home/maidis/Gelistirme/c++/kde-gelistirme-kitabi/icerik/05/00/build/CMakeFiles/CMakeTmp/CheckSymbolExists.c
Linking C executable cmTryCompileExec3395432455
/usr/bin/cmake -E cmake_link_script CMakeFiles/cmTryCompileExec3395432455.dir/link.txt --verbose=1
/usr/lib64/ccache/cc         CMakeFiles/cmTryCompileExec3395432455.dir/CheckSymbolExists.c.o  -o cmTryCompileExec3395432455 -rdynamic -lrt 
gmake[1]: `/home/maidis/Gelistirme/c++/kde-gelistirme-kitabi/icerik/05/00/build/CMakeFiles/CMakeTmp' dizininden çıkılıyor

File /home/maidis/Gelistirme/c++/kde-gelistirme-kitabi/icerik/05/00/build/CMakeFiles/CMakeTmp/CheckSymbolExists.c:
/* */
#include <unistd.h>
#include <time.h>

int main(int argc, char** argv)
{
  (void)argv;
#ifndef _POSIX_TIMERS
  return ((int*)(&_POSIX_TIMERS))[argc];
#else
  (void)argc;
  return 0;
#endif
}

Performing C++ SOURCE FILE Test _OFFT_IS_64BIT succeded with the following output:
Change Dir: /home/maidis/Gelistirme/c++/kde-gelistirme-kitabi/icerik/05/00/build/CMakeFiles/CMakeTmp

Run Build Command:/usr/bin/gmake "cmTryCompileExec1252281385/fast"
/usr/bin/gmake -f CMakeFiles/cmTryCompileExec1252281385.dir/build.make CMakeFiles/cmTryCompileExec1252281385.dir/build
gmake[1]:`/home/maidis/Gelistirme/c++/kde-gelistirme-kitabi/icerik/05/00/build/CMakeFiles/CMakeTmp' dizinine giriliyor
/usr/bin/cmake -E cmake_progress_report /home/maidis/Gelistirme/c++/kde-gelistirme-kitabi/icerik/05/00/build/CMakeFiles/CMakeTmp/CMakeFiles 1
Building CXX object CMakeFiles/cmTryCompileExec1252281385.dir/src.cxx.o
/usr/lib64/ccache/c++    -D_OFFT_IS_64BIT   -o CMakeFiles/cmTryCompileExec1252281385.dir/src.cxx.o -c /home/maidis/Gelistirme/c++/kde-gelistirme-kitabi/icerik/05/00/build/CMakeFiles/CMakeTmp/src.cxx
Linking CXX executable cmTryCompileExec1252281385
/usr/bin/cmake -E cmake_link_script CMakeFiles/cmTryCompileExec1252281385.dir/link.txt --verbose=1
/usr/lib64/ccache/c++      -D_OFFT_IS_64BIT    CMakeFiles/cmTryCompileExec1252281385.dir/src.cxx.o  -o cmTryCompileExec1252281385 -rdynamic 
gmake[1]: `/home/maidis/Gelistirme/c++/kde-gelistirme-kitabi/icerik/05/00/build/CMakeFiles/CMakeTmp' dizininden çıkılıyor

Source file was:

#include <sys/types.h>
 /* Check that off_t can represent 2**63 - 1 correctly.
    We can't simply define LARGE_OFF_T to be 9223372036854775807,
    since some C++ compilers masquerading as C compilers
    incorrectly reject 9223372036854775807.  */
#define LARGE_OFF_T (((off_t) 1 << 62) - 1 + ((off_t) 1 << 62))

  int off_t_is_large[(LARGE_OFF_T % 2147483629 == 721 && LARGE_OFF_T % 2147483647 == 1) ? 1 : -1];
  int main() { return 0; }

Performing C++ SOURCE FILE Test HAVE_FPIE_SUPPORT succeded with the following output:
Change Dir: /home/maidis/Gelistirme/c++/kde-gelistirme-kitabi/icerik/05/00/build/CMakeFiles/CMakeTmp

Run Build Command:/usr/bin/gmake "cmTryCompileExec948512799/fast"
/usr/bin/gmake -f CMakeFiles/cmTryCompileExec948512799.dir/build.make CMakeFiles/cmTryCompileExec948512799.dir/build
gmake[1]:`/home/maidis/Gelistirme/c++/kde-gelistirme-kitabi/icerik/05/00/build/CMakeFiles/CMakeTmp' dizinine giriliyor
/usr/bin/cmake -E cmake_progress_report /home/maidis/Gelistirme/c++/kde-gelistirme-kitabi/icerik/05/00/build/CMakeFiles/CMakeTmp/CMakeFiles 1
Building CXX object CMakeFiles/cmTryCompileExec948512799.dir/src.cxx.o
/usr/lib64/ccache/c++    -Wnon-virtual-dtor -Wno-long-long -Wundef -Wcast-align -Wchar-subscripts -Wall -W -Wpointer-arith -Wformat-security -fno-exceptions -DQT_NO_EXCEPTIONS -fno-check-new -fno-common  -DHAVE_FPIE_SUPPORT   -fPIE -o CMakeFiles/cmTryCompileExec948512799.dir/src.cxx.o -c /home/maidis/Gelistirme/c++/kde-gelistirme-kitabi/icerik/05/00/build/CMakeFiles/CMakeTmp/src.cxx
Linking CXX executable cmTryCompileExec948512799
/usr/bin/cmake -E cmake_link_script CMakeFiles/cmTryCompileExec948512799.dir/link.txt --verbose=1
/usr/lib64/ccache/c++     -Wnon-virtual-dtor -Wno-long-long -Wundef -Wcast-align -Wchar-subscripts -Wall -W -Wpointer-arith -Wformat-security -fno-exceptions -DQT_NO_EXCEPTIONS -fno-check-new -fno-common  -DHAVE_FPIE_SUPPORT    CMakeFiles/cmTryCompileExec948512799.dir/src.cxx.o  -o cmTryCompileExec948512799 -rdynamic 
gmake[1]: `/home/maidis/Gelistirme/c++/kde-gelistirme-kitabi/icerik/05/00/build/CMakeFiles/CMakeTmp' dizininden çıkılıyor

Source file was:
int main() { return 0;}
Performing C++ SOURCE FILE Test __KDE_HAVE_W_OVERLOADED_VIRTUAL succeded with the following output:
Change Dir: /home/maidis/Gelistirme/c++/kde-gelistirme-kitabi/icerik/05/00/build/CMakeFiles/CMakeTmp

Run Build Command:/usr/bin/gmake "cmTryCompileExec4208154341/fast"
/usr/bin/gmake -f CMakeFiles/cmTryCompileExec4208154341.dir/build.make CMakeFiles/cmTryCompileExec4208154341.dir/build
gmake[1]:`/home/maidis/Gelistirme/c++/kde-gelistirme-kitabi/icerik/05/00/build/CMakeFiles/CMakeTmp' dizinine giriliyor
/usr/bin/cmake -E cmake_progress_report /home/maidis/Gelistirme/c++/kde-gelistirme-kitabi/icerik/05/00/build/CMakeFiles/CMakeTmp/CMakeFiles 1
Building CXX object CMakeFiles/cmTryCompileExec4208154341.dir/src.cxx.o
/usr/lib64/ccache/c++    -Wnon-virtual-dtor -Wno-long-long -Wundef -Wcast-align -Wchar-subscripts -Wall -W -Wpointer-arith -Wformat-security -fno-exceptions -DQT_NO_EXCEPTIONS -fno-check-new -fno-common  -D__KDE_HAVE_W_OVERLOADED_VIRTUAL   -Woverloaded-virtual -o CMakeFiles/cmTryCompileExec4208154341.dir/src.cxx.o -c /home/maidis/Gelistirme/c++/kde-gelistirme-kitabi/icerik/05/00/build/CMakeFiles/CMakeTmp/src.cxx
Linking CXX executable cmTryCompileExec4208154341
/usr/bin/cmake -E cmake_link_script CMakeFiles/cmTryCompileExec4208154341.dir/link.txt --verbose=1
/usr/lib64/ccache/c++     -Wnon-virtual-dtor -Wno-long-long -Wundef -Wcast-align -Wchar-subscripts -Wall -W -Wpointer-arith -Wformat-security -fno-exceptions -DQT_NO_EXCEPTIONS -fno-check-new -fno-common  -D__KDE_HAVE_W_OVERLOADED_VIRTUAL    CMakeFiles/cmTryCompileExec4208154341.dir/src.cxx.o  -o cmTryCompileExec4208154341 -rdynamic 
gmake[1]: `/home/maidis/Gelistirme/c++/kde-gelistirme-kitabi/icerik/05/00/build/CMakeFiles/CMakeTmp' dizininden çıkılıyor

Source file was:
int main() { return 0;}
Performing C++ SOURCE FILE Test __KDE_HAVE_GCC_VISIBILITY succeded with the following output:
Change Dir: /home/maidis/Gelistirme/c++/kde-gelistirme-kitabi/icerik/05/00/build/CMakeFiles/CMakeTmp

Run Build Command:/usr/bin/gmake "cmTryCompileExec189461063/fast"
/usr/bin/gmake -f CMakeFiles/cmTryCompileExec189461063.dir/build.make CMakeFiles/cmTryCompileExec189461063.dir/build
gmake[1]:`/home/maidis/Gelistirme/c++/kde-gelistirme-kitabi/icerik/05/00/build/CMakeFiles/CMakeTmp' dizinine giriliyor
/usr/bin/cmake -E cmake_progress_report /home/maidis/Gelistirme/c++/kde-gelistirme-kitabi/icerik/05/00/build/CMakeFiles/CMakeTmp/CMakeFiles 1
Building CXX object CMakeFiles/cmTryCompileExec189461063.dir/src.cxx.o
/usr/lib64/ccache/c++    -Wnon-virtual-dtor -Wno-long-long -Wundef -Wcast-align -Wchar-subscripts -Wall -W -Wpointer-arith -Wformat-security -fno-exceptions -DQT_NO_EXCEPTIONS -fno-check-new -fno-common -Woverloaded-virtual  -D__KDE_HAVE_GCC_VISIBILITY   -fvisibility=hidden -o CMakeFiles/cmTryCompileExec189461063.dir/src.cxx.o -c /home/maidis/Gelistirme/c++/kde-gelistirme-kitabi/icerik/05/00/build/CMakeFiles/CMakeTmp/src.cxx
Linking CXX executable cmTryCompileExec189461063
/usr/bin/cmake -E cmake_link_script CMakeFiles/cmTryCompileExec189461063.dir/link.txt --verbose=1
/usr/lib64/ccache/c++     -Wnon-virtual-dtor -Wno-long-long -Wundef -Wcast-align -Wchar-subscripts -Wall -W -Wpointer-arith -Wformat-security -fno-exceptions -DQT_NO_EXCEPTIONS -fno-check-new -fno-common -Woverloaded-virtual  -D__KDE_HAVE_GCC_VISIBILITY    CMakeFiles/cmTryCompileExec189461063.dir/src.cxx.o  -o cmTryCompileExec189461063 -rdynamic 
gmake[1]: `/home/maidis/Gelistirme/c++/kde-gelistirme-kitabi/icerik/05/00/build/CMakeFiles/CMakeTmp' dizininden çıkılıyor

Source file was:
int main() { return 0;}
