Determining if the Q_WS_WIN exist failed with the following output:
Change Dir: /home/maidis/Gelistirme/c++/kde-gelistirme-kitabi/icerik/05/00/build/CMakeFiles/CMakeTmp

Run Build Command:/usr/bin/gmake "cmTryCompileExec1122327890/fast"
/usr/bin/gmake -f CMakeFiles/cmTryCompileExec1122327890.dir/build.make CMakeFiles/cmTryCompileExec1122327890.dir/build
gmake[1]:`/home/maidis/Gelistirme/c++/kde-gelistirme-kitabi/icerik/05/00/build/CMakeFiles/CMakeTmp' dizinine giriliyor
/usr/bin/cmake -E cmake_progress_report /home/maidis/Gelistirme/c++/kde-gelistirme-kitabi/icerik/05/00/build/CMakeFiles/CMakeTmp/CMakeFiles 1
Building C object CMakeFiles/cmTryCompileExec1122327890.dir/CheckSymbolExists.c.o
/usr/lib64/ccache/cc    -o CMakeFiles/cmTryCompileExec1122327890.dir/CheckSymbolExists.c.o   -c /home/maidis/Gelistirme/c++/kde-gelistirme-kitabi/icerik/05/00/build/CMakeFiles/CMakeTmp/CheckSymbolExists.c
/home/maidis/Gelistirme/c++/kde-gelistirme-kitabi/icerik/05/00/build/CMakeFiles/CMakeTmp/CheckSymbolExists.c: In function 'main':
/home/maidis/Gelistirme/c++/kde-gelistirme-kitabi/icerik/05/00/build/CMakeFiles/CMakeTmp/CheckSymbolExists.c:8:19: hata: 'Q_WS_WIN' undeclared (first use in this function)
/home/maidis/Gelistirme/c++/kde-gelistirme-kitabi/icerik/05/00/build/CMakeFiles/CMakeTmp/CheckSymbolExists.c:8:19: bilgi: each undeclared identifier is reported only once for each function it appears in
gmake[1]: *** [CMakeFiles/cmTryCompileExec1122327890.dir/CheckSymbolExists.c.o] Hata 1
gmake[1]: `/home/maidis/Gelistirme/c++/kde-gelistirme-kitabi/icerik/05/00/build/CMakeFiles/CMakeTmp' dizininden çıkılıyor
gmake: *** [cmTryCompileExec1122327890/fast] Hata 2

File /home/maidis/Gelistirme/c++/kde-gelistirme-kitabi/icerik/05/00/build/CMakeFiles/CMakeTmp/CheckSymbolExists.c:
/* */
#include <QtCore/qglobal.h>

int main(int argc, char** argv)
{
  (void)argv;
#ifndef Q_WS_WIN
  return ((int*)(&Q_WS_WIN))[argc];
#else
  (void)argc;
  return 0;
#endif
}

Determining if the Q_WS_QWS exist failed with the following output:
Change Dir: /home/maidis/Gelistirme/c++/kde-gelistirme-kitabi/icerik/05/00/build/CMakeFiles/CMakeTmp

Run Build Command:/usr/bin/gmake "cmTryCompileExec1423047534/fast"
/usr/bin/gmake -f CMakeFiles/cmTryCompileExec1423047534.dir/build.make CMakeFiles/cmTryCompileExec1423047534.dir/build
gmake[1]:`/home/maidis/Gelistirme/c++/kde-gelistirme-kitabi/icerik/05/00/build/CMakeFiles/CMakeTmp' dizinine giriliyor
/usr/bin/cmake -E cmake_progress_report /home/maidis/Gelistirme/c++/kde-gelistirme-kitabi/icerik/05/00/build/CMakeFiles/CMakeTmp/CMakeFiles 1
Building C object CMakeFiles/cmTryCompileExec1423047534.dir/CheckSymbolExists.c.o
/usr/lib64/ccache/cc    -o CMakeFiles/cmTryCompileExec1423047534.dir/CheckSymbolExists.c.o   -c /home/maidis/Gelistirme/c++/kde-gelistirme-kitabi/icerik/05/00/build/CMakeFiles/CMakeTmp/CheckSymbolExists.c
/home/maidis/Gelistirme/c++/kde-gelistirme-kitabi/icerik/05/00/build/CMakeFiles/CMakeTmp/CheckSymbolExists.c: In function 'main':
/home/maidis/Gelistirme/c++/kde-gelistirme-kitabi/icerik/05/00/build/CMakeFiles/CMakeTmp/CheckSymbolExists.c:8:19: hata: 'Q_WS_QWS' undeclared (first use in this function)
/home/maidis/Gelistirme/c++/kde-gelistirme-kitabi/icerik/05/00/build/CMakeFiles/CMakeTmp/CheckSymbolExists.c:8:19: bilgi: each undeclared identifier is reported only once for each function it appears in
gmake[1]: *** [CMakeFiles/cmTryCompileExec1423047534.dir/CheckSymbolExists.c.o] Hata 1
gmake[1]: `/home/maidis/Gelistirme/c++/kde-gelistirme-kitabi/icerik/05/00/build/CMakeFiles/CMakeTmp' dizininden çıkılıyor
gmake: *** [cmTryCompileExec1423047534/fast] Hata 2

File /home/maidis/Gelistirme/c++/kde-gelistirme-kitabi/icerik/05/00/build/CMakeFiles/CMakeTmp/CheckSymbolExists.c:
/* */
#include <QtCore/qglobal.h>

int main(int argc, char** argv)
{
  (void)argv;
#ifndef Q_WS_QWS
  return ((int*)(&Q_WS_QWS))[argc];
#else
  (void)argc;
  return 0;
#endif
}

Determining if the Q_WS_MAC exist failed with the following output:
Change Dir: /home/maidis/Gelistirme/c++/kde-gelistirme-kitabi/icerik/05/00/build/CMakeFiles/CMakeTmp

Run Build Command:/usr/bin/gmake "cmTryCompileExec1039201218/fast"
/usr/bin/gmake -f CMakeFiles/cmTryCompileExec1039201218.dir/build.make CMakeFiles/cmTryCompileExec1039201218.dir/build
gmake[1]:`/home/maidis/Gelistirme/c++/kde-gelistirme-kitabi/icerik/05/00/build/CMakeFiles/CMakeTmp' dizinine giriliyor
/usr/bin/cmake -E cmake_progress_report /home/maidis/Gelistirme/c++/kde-gelistirme-kitabi/icerik/05/00/build/CMakeFiles/CMakeTmp/CMakeFiles 1
Building C object CMakeFiles/cmTryCompileExec1039201218.dir/CheckSymbolExists.c.o
/usr/lib64/ccache/cc    -o CMakeFiles/cmTryCompileExec1039201218.dir/CheckSymbolExists.c.o   -c /home/maidis/Gelistirme/c++/kde-gelistirme-kitabi/icerik/05/00/build/CMakeFiles/CMakeTmp/CheckSymbolExists.c
/home/maidis/Gelistirme/c++/kde-gelistirme-kitabi/icerik/05/00/build/CMakeFiles/CMakeTmp/CheckSymbolExists.c: In function 'main':
/home/maidis/Gelistirme/c++/kde-gelistirme-kitabi/icerik/05/00/build/CMakeFiles/CMakeTmp/CheckSymbolExists.c:8:19: hata: 'Q_WS_MAC' undeclared (first use in this function)
/home/maidis/Gelistirme/c++/kde-gelistirme-kitabi/icerik/05/00/build/CMakeFiles/CMakeTmp/CheckSymbolExists.c:8:19: bilgi: each undeclared identifier is reported only once for each function it appears in
gmake[1]: `/home/maidis/Gelistirme/c++/kde-gelistirme-kitabi/icerik/05/00/build/CMakeFiles/CMakeTmp' dizininden çıkılıyor
gmake[1]: *** [CMakeFiles/cmTryCompileExec1039201218.dir/CheckSymbolExists.c.o] Hata 1
gmake: *** [cmTryCompileExec1039201218/fast] Hata 2

File /home/maidis/Gelistirme/c++/kde-gelistirme-kitabi/icerik/05/00/build/CMakeFiles/CMakeTmp/CheckSymbolExists.c:
/* */
#include <QtCore/qglobal.h>

int main(int argc, char** argv)
{
  (void)argv;
#ifndef Q_WS_MAC
  return ((int*)(&Q_WS_MAC))[argc];
#else
  (void)argc;
  return 0;
#endif
}

Determining if the pthread_create exist failed with the following output:
Change Dir: /home/maidis/Gelistirme/c++/kde-gelistirme-kitabi/icerik/05/00/build/CMakeFiles/CMakeTmp

Run Build Command:/usr/bin/gmake "cmTryCompileExec1507172143/fast"
/usr/bin/gmake -f CMakeFiles/cmTryCompileExec1507172143.dir/build.make CMakeFiles/cmTryCompileExec1507172143.dir/build
gmake[1]:`/home/maidis/Gelistirme/c++/kde-gelistirme-kitabi/icerik/05/00/build/CMakeFiles/CMakeTmp' dizinine giriliyor
/usr/bin/cmake -E cmake_progress_report /home/maidis/Gelistirme/c++/kde-gelistirme-kitabi/icerik/05/00/build/CMakeFiles/CMakeTmp/CMakeFiles 1
Building C object CMakeFiles/cmTryCompileExec1507172143.dir/CheckSymbolExists.c.o
/usr/lib64/ccache/cc    -o CMakeFiles/cmTryCompileExec1507172143.dir/CheckSymbolExists.c.o   -c /home/maidis/Gelistirme/c++/kde-gelistirme-kitabi/icerik/05/00/build/CMakeFiles/CMakeTmp/CheckSymbolExists.c
Linking C executable cmTryCompileExec1507172143
/usr/bin/cmake -E cmake_link_script CMakeFiles/cmTryCompileExec1507172143.dir/link.txt --verbose=1
/usr/lib64/ccache/cc         CMakeFiles/cmTryCompileExec1507172143.dir/CheckSymbolExists.c.o  -o cmTryCompileExec1507172143 -rdynamic 
CMakeFiles/cmTryCompileExec1507172143.dir/CheckSymbolExists.c.o: In function `main':
CheckSymbolExists.c:(.text+0x16): undefined reference to `pthread_create'
collect2: hata: ld çıkış durumu 1 ile döndü
gmake[1]: *** [cmTryCompileExec1507172143] Hata 1
gmake[1]: `/home/maidis/Gelistirme/c++/kde-gelistirme-kitabi/icerik/05/00/build/CMakeFiles/CMakeTmp' dizininden çıkılıyor
gmake: *** [cmTryCompileExec1507172143/fast] Hata 2

File /home/maidis/Gelistirme/c++/kde-gelistirme-kitabi/icerik/05/00/build/CMakeFiles/CMakeTmp/CheckSymbolExists.c:
/* */
#include <pthread.h>

int main(int argc, char** argv)
{
  (void)argv;
#ifndef pthread_create
  return ((int*)(&pthread_create))[argc];
#else
  (void)argc;
  return 0;
#endif
}

Determining if the function pthread_create exists in the pthreads failed with the following output:
Change Dir: /home/maidis/Gelistirme/c++/kde-gelistirme-kitabi/icerik/05/00/build/CMakeFiles/CMakeTmp

Run Build Command:/usr/bin/gmake "cmTryCompileExec3217613198/fast"
/usr/bin/gmake -f CMakeFiles/cmTryCompileExec3217613198.dir/build.make CMakeFiles/cmTryCompileExec3217613198.dir/build
gmake[1]:`/home/maidis/Gelistirme/c++/kde-gelistirme-kitabi/icerik/05/00/build/CMakeFiles/CMakeTmp' dizinine giriliyor
/usr/bin/cmake -E cmake_progress_report /home/maidis/Gelistirme/c++/kde-gelistirme-kitabi/icerik/05/00/build/CMakeFiles/CMakeTmp/CMakeFiles 1
Building C object CMakeFiles/cmTryCompileExec3217613198.dir/CheckFunctionExists.c.o
/usr/lib64/ccache/cc   -DCHECK_FUNCTION_EXISTS=pthread_create   -o CMakeFiles/cmTryCompileExec3217613198.dir/CheckFunctionExists.c.o   -c /usr/share/cmake/Modules/CheckFunctionExists.c
Linking C executable cmTryCompileExec3217613198
/usr/bin/cmake -E cmake_link_script CMakeFiles/cmTryCompileExec3217613198.dir/link.txt --verbose=1
/usr/lib64/ccache/cc     -DCHECK_FUNCTION_EXISTS=pthread_create    CMakeFiles/cmTryCompileExec3217613198.dir/CheckFunctionExists.c.o  -o cmTryCompileExec3217613198 -rdynamic -lpthreads 
/usr/bin/ld: cannot find -lpthreads
collect2: hata: ld çıkış durumu 1 ile döndü
gmake[1]: *** [cmTryCompileExec3217613198] Hata 1
gmake[1]: `/home/maidis/Gelistirme/c++/kde-gelistirme-kitabi/icerik/05/00/build/CMakeFiles/CMakeTmp' dizininden çıkılıyor
gmake: *** [cmTryCompileExec3217613198/fast] Hata 2


